
01000000
01

f1794b4065bc5883408413cfaa4e374690b7ea7e4f0fd6ccb4d42840da8dbbae 0100000000
ffffffff

02
00ac420601000000
19
OP_DUP   OP_HASH160     DATAL_EN                                                   OP_EQUALVERIFY    OP_CHECKSIG
  76        a9             14            88b2bfab6f7990dc6d54d63cc1d27392d26f484e       88            ac
00e1f50500000000
19 
76 a9 14 0000000000000000000000000000000000000000 88 ac

00000000

0000000000000000000000000000000000000000

010000000
1f1794b4065bc5883408413cfaa4e374690b7ea7e4f0fd6ccb4d42840da8dbbae
0100000000
ffffffff
02
00ac4206010000001976a91488b2bfab6f7990dc6d54d63cc1d27392d26f484e88ac00e1f
50
500000000
20 24 6a2050063e613a3a8cccc8f102408fccfe6e7ed773aeac1919afd4e908ac0447334a88ac
00000000

Signed:

01000000
01
f1794b4065bc5883408413cfaa4e374690b7ea7e4f0fd6ccb4d42840da8dbbae 01000000
6c493046022100a5823571f22689e6475204f3bbba3378bacf817fd18795857e59228802b1530a022100894739d7ceb1e335c498bba4a39a0c2c9fe24191a19ffc13f20dc4148589b2a4012102dccd51d69bcc251bc509072d7b811fc19a6530b2c769b6441bdeaeecdd106f99ffffffff0200ac4206010000001976a91488b2bfab6f7990dc6d54d63cc1d27392d26f484e88ac00e1f50500000000226a2050063e613a3a8cccc8f102408fccfe6e7ed773aeac1919afd4e908ac0447334a00000000